<?xml version="1.0" encoding="UTF-8"?>
<!-- Generated by org.testng.reporters.JUnitReportReporter -->
<testsuite hostname="DESKTOP-J903K4M" failures="0" tests="1" name="testRunner.TestRunner" time="4236.858" errors="0" timestamp="18 Apr 2023 13:20:22 GMT" skipped="0">
  <testcase classname="testRunner.TestRunner" name="CucumberTest" time="4236.858"/>
</testsuite> <!-- testRunner.TestRunner -->
